2021-06-22 17:24:13.785 - INFO - 4790 - azureml.train.automl._experiment_drivers.driver_utilities.modify_run_configuration:199 - Package pandas missing from dependencies file.
2021-06-22 17:24:13.786 - INFO - 4790 - azureml.train.automl._experiment_drivers.driver_utilities.modify_run_configuration:205 - Using pinned version: pandas==0.25.1
2021-06-22 17:24:13.786 - INFO - 4790 - azureml.train.automl._experiment_drivers.driver_utilities.modify_run_configuration:199 - Package scikit-learn missing from dependencies file.
2021-06-22 17:24:13.786 - INFO - 4790 - azureml.train.automl._experiment_drivers.driver_utilities.modify_run_configuration:205 - Using pinned version: scikit-learn==0.22.1
2021-06-22 17:24:13.787 - INFO - 4790 - azureml.train.automl._experiment_drivers.driver_utilities.modify_run_configuration:199 - Package numpy missing from dependencies file.
2021-06-22 17:24:13.787 - INFO - 4790 - azureml.train.automl._experiment_drivers.driver_utilities.modify_run_configuration:205 - Using pinned version: numpy~=1.18.0
2021-06-22 17:24:13.789 - INFO - 4790 - azureml.automl.core.dataset_utilities._save_datasets_to_json:131 - JSON serialization of input of type <class 'NoneType'> is un-supported.
2021-06-22 17:24:13.789 - INFO - 4790 - azureml.automl.core.dataset_utilities._save_datasets_to_json:131 - JSON serialization of input of type <class 'NoneType'> is un-supported.
2021-06-22 17:24:13.790 - INFO - 4790 - azureml.train.automl._experiment_drivers.driver_utilities.validate_input:124 - Start data validation.
2021-06-22 17:27:13.103 - INFO - 4790 - azureml.train.automl._experiment_drivers.driver_utilities.modify_run_configuration:199 - Package azureml-train-automl missing from dependencies file.
2021-06-22 17:27:13.108 - INFO - 4790 - azureml.train.automl._experiment_drivers.driver_utilities.modify_run_configuration:205 - Using pinned version: azureml-train-automl==1.30.0.*
2021-06-22 17:27:13.117 - INFO - 4790 - azureml.train.automl._experiment_drivers.driver_utilities.modify_run_configuration:199 - Package pandas missing from dependencies file.
2021-06-22 17:27:13.126 - INFO - 4790 - azureml.train.automl._experiment_drivers.driver_utilities.modify_run_configuration:205 - Using pinned version: pandas==0.25.1
2021-06-22 17:27:13.136 - INFO - 4790 - azureml.train.automl._experiment_drivers.driver_utilities.modify_run_configuration:199 - Package psutil missing from dependencies file.
2021-06-22 17:27:13.147 - INFO - 4790 - azureml.train.automl._experiment_drivers.driver_utilities.modify_run_configuration:205 - Using pinned version: psutil>5.0.0,<6.0.0
2021-06-22 17:27:13.160 - INFO - 4790 - azureml.train.automl._experiment_drivers.driver_utilities.modify_run_configuration:199 - Package scikit-learn missing from dependencies file.
2021-06-22 17:27:13.168 - INFO - 4790 - azureml.train.automl._experiment_drivers.driver_utilities.modify_run_configuration:205 - Using pinned version: scikit-learn==0.22.1
2021-06-22 17:27:13.187 - INFO - 4790 - azureml.train.automl._experiment_drivers.driver_utilities.modify_run_configuration:199 - Package numpy missing from dependencies file.
2021-06-22 17:27:13.208 - INFO - 4790 - azureml.train.automl._experiment_drivers.driver_utilities.modify_run_configuration:205 - Using pinned version: numpy~=1.18.0
2021-06-22 17:27:13.213 - INFO - 4790 - azureml.train.automl._experiment_drivers.driver_utilities.modify_run_configuration:199 - Package py-xgboost missing from dependencies file.
2021-06-22 17:27:13.219 - INFO - 4790 - azureml.train.automl._experiment_drivers.driver_utilities.modify_run_configuration:205 - Using pinned version: py-xgboost<=0.90
2021-06-22 17:27:13.229 - INFO - 4790 - azureml.train.automl._experiment_drivers.driver_utilities.modify_run_configuration:199 - Package inference-schema missing from dependencies file.
2021-06-22 17:27:13.239 - INFO - 4790 - azureml.train.automl._experiment_drivers.driver_utilities.modify_run_configuration:199 - Package fbprophet missing from dependencies file.
2021-06-22 17:27:13.249 - INFO - 4790 - azureml.train.automl._experiment_drivers.driver_utilities.modify_run_configuration:205 - Using pinned version: fbprophet==0.5
2021-06-22 17:27:13.255 - INFO - 4790 - azureml.train.automl._experiment_drivers.driver_utilities.modify_run_configuration:199 - Package setuptools-git missing from dependencies file.
2021-06-22 17:27:13.255 - INFO - 4790 - azureml.train.automl._experiment_drivers.driver_utilities.modify_run_configuration:209 - Using installed version: setuptools-git==1.2
2021-06-22 17:27:13.256 - INFO - 4790 - azureml.automl.core.dataset_utilities._save_datasets_to_json:131 - JSON serialization of input of type <class 'NoneType'> is un-supported.
2021-06-22 17:27:13.256 - INFO - 4790 - azureml.automl.core.dataset_utilities._save_datasets_to_json:131 - JSON serialization of input of type <class 'NoneType'> is un-supported.
2021-06-22 17:27:13.257 - INFO - 4790 - azureml.train.automl._experiment_drivers.driver_utilities.validate_input:124 - Start data validation.
2021-06-22 17:27:15.872 - INFO - 4790 - azureml.train.automl._experiment_drivers.driver_utilities.validate_input:137 - Validation service found the data has no errors.
2021-06-22 17:27:15.873 - INFO - 4790 - azureml.train.automl._experiment_drivers.driver_utilities.create_remote_parent_run:381 - Start creating parent run.
2021-06-22 17:27:16.166 - INFO - 4790 - azureml.train.automl._experiment_drivers.driver_utilities.create_remote_parent_run:401 - [ParentRunID:AutoML_bd0b099e-b97b-4fd1-993f-6bc161325d61] Remote run using input X and y.
2021-06-22 17:27:16.430 - INFO - 4790 - azureml.train.automl._experiment_drivers.driver_utilities.start_remote_run:336 - Starting a snapshot run (snapshot_id : None)
2021-06-23 06:27:50.464 - INFO - 11730 - azureml.train.automl._experiment_drivers.driver_utilities.modify_run_configuration:199 - Package azureml-train-automl missing from dependencies file.
2021-06-23 06:27:50.531 - INFO - 11730 - azureml.train.automl._experiment_drivers.driver_utilities.modify_run_configuration:205 - Using pinned version: azureml-train-automl==1.30.0.*
2021-06-23 06:27:50.539 - INFO - 11730 - azureml.train.automl._experiment_drivers.driver_utilities.modify_run_configuration:199 - Package pandas missing from dependencies file.
2021-06-23 06:27:50.550 - INFO - 11730 - azureml.train.automl._experiment_drivers.driver_utilities.modify_run_configuration:205 - Using pinned version: pandas==0.25.1
2021-06-23 06:27:50.571 - INFO - 11730 - azureml.train.automl._experiment_drivers.driver_utilities.modify_run_configuration:199 - Package psutil missing from dependencies file.
2021-06-23 06:27:50.580 - INFO - 11730 - azureml.train.automl._experiment_drivers.driver_utilities.modify_run_configuration:205 - Using pinned version: psutil>5.0.0,<6.0.0
2021-06-23 06:27:50.589 - INFO - 11730 - azureml.train.automl._experiment_drivers.driver_utilities.modify_run_configuration:199 - Package scikit-learn missing from dependencies file.
2021-06-23 06:27:50.600 - INFO - 11730 - azureml.train.automl._experiment_drivers.driver_utilities.modify_run_configuration:205 - Using pinned version: scikit-learn==0.22.1
2021-06-23 06:27:50.606 - INFO - 11730 - azureml.train.automl._experiment_drivers.driver_utilities.modify_run_configuration:199 - Package numpy missing from dependencies file.
2021-06-23 06:27:50.624 - INFO - 11730 - azureml.train.automl._experiment_drivers.driver_utilities.modify_run_configuration:205 - Using pinned version: numpy~=1.18.0
2021-06-23 06:27:50.633 - INFO - 11730 - azureml.train.automl._experiment_drivers.driver_utilities.modify_run_configuration:199 - Package py-xgboost missing from dependencies file.
2021-06-23 06:27:50.640 - INFO - 11730 - azureml.train.automl._experiment_drivers.driver_utilities.modify_run_configuration:205 - Using pinned version: py-xgboost<=0.90
2021-06-23 06:27:50.649 - INFO - 11730 - azureml.train.automl._experiment_drivers.driver_utilities.modify_run_configuration:199 - Package inference-schema missing from dependencies file.
2021-06-23 06:27:50.657 - INFO - 11730 - azureml.train.automl._experiment_drivers.driver_utilities.modify_run_configuration:199 - Package fbprophet missing from dependencies file.
2021-06-23 06:27:50.667 - INFO - 11730 - azureml.train.automl._experiment_drivers.driver_utilities.modify_run_configuration:205 - Using pinned version: fbprophet==0.5
2021-06-23 06:27:50.667 - INFO - 11730 - azureml.train.automl._experiment_drivers.driver_utilities.modify_run_configuration:199 - Package setuptools-git missing from dependencies file.
2021-06-23 06:27:50.667 - INFO - 11730 - azureml.train.automl._experiment_drivers.driver_utilities.modify_run_configuration:209 - Using installed version: setuptools-git==1.2
2021-06-23 06:27:50.668 - INFO - 11730 - azureml.automl.core.dataset_utilities._save_datasets_to_json:131 - JSON serialization of input of type <class 'NoneType'> is un-supported.
2021-06-23 06:27:50.669 - INFO - 11730 - azureml.automl.core.dataset_utilities._save_datasets_to_json:131 - JSON serialization of input of type <class 'NoneType'> is un-supported.
2021-06-23 06:27:50.670 - INFO - 11730 - azureml.train.automl._experiment_drivers.driver_utilities.validate_input:124 - Start data validation.
2021-06-23 06:27:52.907 - INFO - 11730 - azureml.train.automl._experiment_drivers.driver_utilities.validate_input:137 - Validation service found the data has no errors.
2021-06-23 06:27:52.908 - INFO - 11730 - azureml.train.automl._experiment_drivers.driver_utilities.create_remote_parent_run:381 - Start creating parent run.
2021-06-23 06:27:53.188 - INFO - 11730 - azureml.train.automl._experiment_drivers.driver_utilities.create_remote_parent_run:401 - [ParentRunID:AutoML_8cecb1ad-0425-451a-abf2-05d1d316349a] Remote run using input X and y.
2021-06-23 06:27:53.472 - INFO - 11730 - azureml.train.automl._experiment_drivers.driver_utilities.start_remote_run:336 - Starting a snapshot run (snapshot_id : None)
2021-06-23 07:33:27.654 - INFO - 19749 - azureml.train.automl._experiment_drivers.driver_utilities.modify_run_configuration:199 - Package azureml-train-automl missing from dependencies file.
2021-06-23 07:33:27.676 - INFO - 19749 - azureml.train.automl._experiment_drivers.driver_utilities.modify_run_configuration:205 - Using pinned version: azureml-train-automl==1.30.0.*
2021-06-23 07:33:27.687 - INFO - 19749 - azureml.train.automl._experiment_drivers.driver_utilities.modify_run_configuration:199 - Package pandas missing from dependencies file.
2021-06-23 07:33:27.701 - INFO - 19749 - azureml.train.automl._experiment_drivers.driver_utilities.modify_run_configuration:205 - Using pinned version: pandas==0.25.1
2021-06-23 07:33:27.708 - INFO - 19749 - azureml.train.automl._experiment_drivers.driver_utilities.modify_run_configuration:199 - Package psutil missing from dependencies file.
2021-06-23 07:33:27.718 - INFO - 19749 - azureml.train.automl._experiment_drivers.driver_utilities.modify_run_configuration:205 - Using pinned version: psutil>5.0.0,<6.0.0
2021-06-23 07:33:27.729 - INFO - 19749 - azureml.train.automl._experiment_drivers.driver_utilities.modify_run_configuration:199 - Package scikit-learn missing from dependencies file.
2021-06-23 07:33:27.737 - INFO - 19749 - azureml.train.automl._experiment_drivers.driver_utilities.modify_run_configuration:205 - Using pinned version: scikit-learn==0.22.1
2021-06-23 07:33:27.746 - INFO - 19749 - azureml.train.automl._experiment_drivers.driver_utilities.modify_run_configuration:199 - Package numpy missing from dependencies file.
2021-06-23 07:33:27.754 - INFO - 19749 - azureml.train.automl._experiment_drivers.driver_utilities.modify_run_configuration:205 - Using pinned version: numpy~=1.18.0
2021-06-23 07:33:27.763 - INFO - 19749 - azureml.train.automl._experiment_drivers.driver_utilities.modify_run_configuration:199 - Package py-xgboost missing from dependencies file.
2021-06-23 07:33:27.771 - INFO - 19749 - azureml.train.automl._experiment_drivers.driver_utilities.modify_run_configuration:205 - Using pinned version: py-xgboost<=0.90
2021-06-23 07:33:27.787 - INFO - 19749 - azureml.train.automl._experiment_drivers.driver_utilities.modify_run_configuration:199 - Package inference-schema missing from dependencies file.
2021-06-23 07:33:27.797 - INFO - 19749 - azureml.train.automl._experiment_drivers.driver_utilities.modify_run_configuration:199 - Package fbprophet missing from dependencies file.
2021-06-23 07:33:27.807 - INFO - 19749 - azureml.train.automl._experiment_drivers.driver_utilities.modify_run_configuration:205 - Using pinned version: fbprophet==0.5
2021-06-23 07:33:27.807 - INFO - 19749 - azureml.train.automl._experiment_drivers.driver_utilities.modify_run_configuration:199 - Package setuptools-git missing from dependencies file.
2021-06-23 07:33:27.807 - INFO - 19749 - azureml.train.automl._experiment_drivers.driver_utilities.modify_run_configuration:209 - Using installed version: setuptools-git==1.2
2021-06-23 07:33:27.808 - INFO - 19749 - azureml.automl.core.dataset_utilities._save_datasets_to_json:131 - JSON serialization of input of type <class 'NoneType'> is un-supported.
2021-06-23 07:33:27.809 - INFO - 19749 - azureml.automl.core.dataset_utilities._save_datasets_to_json:131 - JSON serialization of input of type <class 'NoneType'> is un-supported.
2021-06-23 07:33:27.810 - INFO - 19749 - azureml.train.automl._experiment_drivers.driver_utilities.validate_input:124 - Start data validation.
2021-06-23 07:33:31.224 - INFO - 19749 - azureml.train.automl._experiment_drivers.driver_utilities.validate_input:137 - Validation service found the data has no errors.
2021-06-23 07:33:31.225 - INFO - 19749 - azureml.train.automl._experiment_drivers.driver_utilities.create_remote_parent_run:381 - Start creating parent run.
2021-06-23 07:33:31.530 - INFO - 19749 - azureml.train.automl._experiment_drivers.driver_utilities.create_remote_parent_run:401 - [ParentRunID:AutoML_f2207e5b-cc6f-4ff2-bdf6-32b2158456e2] Remote run using input X and y.
2021-06-23 07:33:31.715 - INFO - 19749 - azureml.train.automl._experiment_drivers.driver_utilities.start_remote_run:336 - Starting a snapshot run (snapshot_id : None)
2021-06-24 15:20:13.498 - INFO - 4478 - azureml.train.automl._experiment_drivers.driver_utilities.modify_run_configuration:199 - Package azureml-train-automl missing from dependencies file.
2021-06-24 15:20:13.507 - INFO - 4478 - azureml.train.automl._experiment_drivers.driver_utilities.modify_run_configuration:205 - Using pinned version: azureml-train-automl==1.30.0.*
2021-06-24 15:20:13.516 - INFO - 4478 - azureml.train.automl._experiment_drivers.driver_utilities.modify_run_configuration:199 - Package pandas missing from dependencies file.
2021-06-24 15:20:13.521 - INFO - 4478 - azureml.train.automl._experiment_drivers.driver_utilities.modify_run_configuration:205 - Using pinned version: pandas==0.25.1
2021-06-24 15:20:13.526 - INFO - 4478 - azureml.train.automl._experiment_drivers.driver_utilities.modify_run_configuration:199 - Package psutil missing from dependencies file.
2021-06-24 15:20:13.531 - INFO - 4478 - azureml.train.automl._experiment_drivers.driver_utilities.modify_run_configuration:205 - Using pinned version: psutil>5.0.0,<6.0.0
2021-06-24 15:20:13.537 - INFO - 4478 - azureml.train.automl._experiment_drivers.driver_utilities.modify_run_configuration:199 - Package scikit-learn missing from dependencies file.
2021-06-24 15:20:13.551 - INFO - 4478 - azureml.train.automl._experiment_drivers.driver_utilities.modify_run_configuration:205 - Using pinned version: scikit-learn==0.22.1
2021-06-24 15:20:13.556 - INFO - 4478 - azureml.train.automl._experiment_drivers.driver_utilities.modify_run_configuration:199 - Package numpy missing from dependencies file.
2021-06-24 15:20:13.566 - INFO - 4478 - azureml.train.automl._experiment_drivers.driver_utilities.modify_run_configuration:205 - Using pinned version: numpy~=1.18.0
2021-06-24 15:20:13.571 - INFO - 4478 - azureml.train.automl._experiment_drivers.driver_utilities.modify_run_configuration:199 - Package py-xgboost missing from dependencies file.
2021-06-24 15:20:13.576 - INFO - 4478 - azureml.train.automl._experiment_drivers.driver_utilities.modify_run_configuration:205 - Using pinned version: py-xgboost<=0.90
2021-06-24 15:20:13.586 - INFO - 4478 - azureml.train.automl._experiment_drivers.driver_utilities.modify_run_configuration:199 - Package inference-schema missing from dependencies file.
2021-06-24 15:20:13.591 - INFO - 4478 - azureml.train.automl._experiment_drivers.driver_utilities.modify_run_configuration:199 - Package fbprophet missing from dependencies file.
2021-06-24 15:20:13.592 - INFO - 4478 - azureml.train.automl._experiment_drivers.driver_utilities.modify_run_configuration:205 - Using pinned version: fbprophet==0.5
2021-06-24 15:20:13.592 - INFO - 4478 - azureml.train.automl._experiment_drivers.driver_utilities.modify_run_configuration:199 - Package setuptools-git missing from dependencies file.
2021-06-24 15:20:13.592 - INFO - 4478 - azureml.train.automl._experiment_drivers.driver_utilities.modify_run_configuration:209 - Using installed version: setuptools-git==1.2
2021-06-24 15:20:13.593 - INFO - 4478 - azureml.automl.core.dataset_utilities._save_datasets_to_json:131 - JSON serialization of input of type <class 'NoneType'> is un-supported.
2021-06-24 15:20:13.593 - INFO - 4478 - azureml.automl.core.dataset_utilities._save_datasets_to_json:131 - JSON serialization of input of type <class 'NoneType'> is un-supported.
2021-06-24 15:20:13.594 - INFO - 4478 - azureml.train.automl._experiment_drivers.driver_utilities.validate_input:124 - Start data validation.
2021-06-24 15:20:16.075 - INFO - 4478 - azureml.train.automl._experiment_drivers.driver_utilities.validate_input:137 - Validation service found the data has no errors.
2021-06-24 15:20:16.076 - INFO - 4478 - azureml.train.automl._experiment_drivers.driver_utilities.create_remote_parent_run:381 - Start creating parent run.
2021-06-24 15:20:16.377 - INFO - 4478 - azureml.train.automl._experiment_drivers.driver_utilities.create_remote_parent_run:401 - [ParentRunID:AutoML_f5189558-a546-4ea4-b854-4d47f3721898] Remote run using input X and y.
2021-06-24 15:20:16.747 - INFO - 4478 - azureml.train.automl._experiment_drivers.driver_utilities.start_remote_run:336 - Starting a snapshot run (snapshot_id : None)
